{"message":"the endpoint that was trying to be called didn't exist","level":"error"}
{"message":"throw error because note_name was missing","level":"error"}
{"message":"throw error because folder_id was missing","level":"error"}
{"message":"throw error because content was missing","level":"error"}
{"message":"the endpoint that was trying to be called didn't exist","level":"error"}
{"message":"the endpoint that was trying to be called didn't exist","level":"error"}
{"message":"the endpoint that was trying to be called didn't exist","level":"error"}
{"message":"throw error because note_name was missing","level":"error"}
{"message":"throw error because folder_id was missing","level":"error"}
{"message":"throw error because content was missing","level":"error"}
{"message":"the endpoint that was trying to be called didn't exist","level":"error"}
{"message":"the endpoint that was trying to be called didn't exist","level":"error"}
{"message":"the endpoint that was trying to be called didn't exist","level":"error"}
{"message":"throw error because note_name was missing","level":"error"}
{"message":"throw error because folder_id was missing","level":"error"}
{"message":"throw error because content was missing","level":"error"}
{"message":"the endpoint that was trying to be called didn't exist","level":"error"}
{"message":"the endpoint that was trying to be called didn't exist","level":"error"}
{"message":"the endpoint that was trying to be called didn't exist","level":"error"}
{"message":"throw error because note_name was missing","level":"error"}
{"message":"throw error because folder_id was missing","level":"error"}
{"message":"throw error because content was missing","level":"error"}
{"message":"the endpoint that was trying to be called didn't exist","level":"error"}
{"message":"the endpoint that was trying to be called didn't exist","level":"error"}
{"message":"the endpoint that was trying to be called didn't exist","level":"error"}
{"message":"throw error because note_name was missing","level":"error"}
{"message":"throw error because folder_id was missing","level":"error"}
{"message":"throw error because content was missing","level":"error"}
{"message":"the endpoint that was trying to be called didn't exist","level":"error"}
{"message":"the endpoint that was trying to be called didn't exist","level":"error"}

{"message":"missing API_TOKEN","level":"error"}
{"message":"missing API_TOKEN","level":"error"}
{"message":"the endpoint that was trying to be called didn't exist","level":"error"}
{"message":"missing API_TOKEN","level":"error"}

{"message":"the endpoint that was trying to be called didn't exist","level":"error"}
{"message":"throw error because note_name was missing","level":"error"}
{"message":"throw error because folder_id was missing","level":"error"}
{"message":"throw error because content was missing","level":"error"}
{"message":"the endpoint that was trying to be called didn't exist","level":"error"}
{"message":"the endpoint that was trying to be called didn't exist","level":"error"}
{"message":"the endpoint that was trying to be called didn't exist","level":"error"}
{"message":"throw error because note_name was missing","level":"error"}
{"message":"throw error because folder_id was missing","level":"error"}
{"message":"throw error because content was missing","level":"error"}
{"message":"the endpoint that was trying to be called didn't exist","level":"error"}
{"message":"the endpoint that was trying to be called didn't exist","level":"error"}
{"message":"the endpoint that was trying to be called didn't exist","level":"error"}
{"message":"throw error because note_name was missing","level":"error"}
{"message":"throw error because folder_id was missing","level":"error"}
{"message":"throw error because content was missing","level":"error"}
{"message":"the endpoint that was trying to be called didn't exist","level":"error"}
{"message":"the endpoint that was trying to be called didn't exist","level":"error"}
{"message":"the endpoint that was trying to be called didn't exist","level":"error"}
{"message":"throw error because note_name was missing","level":"error"}
{"message":"throw error because folder_id was missing","level":"error"}
{"message":"throw error because content was missing","level":"error"}
{"message":"the endpoint that was trying to be called didn't exist","level":"error"}
{"message":"the endpoint that was trying to be called didn't exist","level":"error"}
{"message":"one of the required fields was missing ","level":"error"}
{"message":"one of the required fields was missing ","level":"error"}
{"message":"the endpoint that was trying to be called didn't exist","level":"error"}
{"message":"throw error because note_name was missing","level":"error"}
{"message":"throw error because folder_id was missing","level":"error"}
{"message":"throw error because content was missing","level":"error"}
{"message":"the endpoint that was trying to be called didn't exist","level":"error"}
{"message":"the endpoint that was trying to be called didn't exist","level":"error"}
{"message":"one of the required fields was missing ","level":"error"}
{"message":"one of the required fields was missing ","level":"error"}
{"message":"the endpoint that was trying to be called didn't exist","level":"error"}
{"message":"throw error because note_name was missing","level":"error"}
{"message":"throw error because folder_id was missing","level":"error"}
{"message":"throw error because content was missing","level":"error"}
{"message":"the endpoint that was trying to be called didn't exist","level":"error"}
{"message":"the endpoint that was trying to be called didn't exist","level":"error"}
{"message":"one of the required fields was missing ","level":"error"}
{"message":"one of the required fields was missing ","level":"error"}
{"message":"the endpoint that was trying to be called didn't exist","level":"error"}
{"message":"throw error because note_name was missing","level":"error"}
{"message":"throw error because folder_id was missing","level":"error"}
{"message":"throw error because content was missing","level":"error"}
{"message":"the endpoint that was trying to be called didn't exist","level":"error"}
{"message":"the endpoint that was trying to be called didn't exist","level":"error"}
{"message":"one of the required fields was missing ","level":"error"}
{"message":"one of the required fields was missing ","level":"error"}
{"message":"the endpoint that was trying to be called didn't exist","level":"error"}
{"message":"throw error because note_name was missing","level":"error"}
{"message":"throw error because folder_id was missing","level":"error"}
{"message":"throw error because content was missing","level":"error"}
{"message":"the endpoint that was trying to be called didn't exist","level":"error"}
{"message":"the endpoint that was trying to be called didn't exist","level":"error"}
{"message":"one of the required fields was missing ","level":"error"}
{"message":"one of the required fields was missing ","level":"error"}
{"message":"the endpoint that was trying to be called didn't exist","level":"error"}
{"message":"throw error because note_name was missing","level":"error"}
{"message":"throw error because folder_id was missing","level":"error"}
{"message":"throw error because content was missing","level":"error"}
{"message":"the endpoint that was trying to be called didn't exist","level":"error"}
{"message":"the endpoint that was trying to be called didn't exist","level":"error"}
{"message":"one of the required fields was missing ","level":"error"}
{"message":"one of the required fields was missing ","level":"error"}
{"message":"the endpoint that was trying to be called didn't exist","level":"error"}
{"message":"throw error because note_name was missing","level":"error"}
{"message":"throw error because folder_id was missing","level":"error"}
{"message":"throw error because content was missing","level":"error"}
{"message":"the endpoint that was trying to be called didn't exist","level":"error"}
{"message":"the endpoint that was trying to be called didn't exist","level":"error"}
{"message":"one of the required fields was missing ","level":"error"}
{"message":"one of the required fields was missing ","level":"error"}
{"message":"the endpoint that was trying to be called didn't exist","level":"error"}
{"message":"throw error because note_name was missing","level":"error"}
{"message":"throw error because folder_id was missing","level":"error"}
{"message":"throw error because content was missing","level":"error"}
{"message":"the endpoint that was trying to be called didn't exist","level":"error"}
{"message":"the endpoint that was trying to be called didn't exist","level":"error"}
{"message":"one of the required fields was missing ","level":"error"}
{"message":"one of the required fields was missing ","level":"error"}
{"message":"the endpoint that was trying to be called didn't exist","level":"error"}
{"message":"throw error because note_name was missing","level":"error"}
{"message":"throw error because folder_id was missing","level":"error"}
{"message":"throw error because content was missing","level":"error"}
{"message":"the endpoint that was trying to be called didn't exist","level":"error"}
{"message":"one of the required fields was missing ","level":"error"}
{"message":"one of the required fields was missing ","level":"error"}
{"message":"the endpoint that was trying to be called didn't exist","level":"error"}
{"message":"throw error because note_name was missing","level":"error"}
{"message":"throw error because folder_id was missing","level":"error"}
{"message":"throw error because content was missing","level":"error"}
{"message":"the endpoint that was trying to be called didn't exist","level":"error"}
{"message":"the endpoint that was trying to be called didn't exist","level":"error"}
{"message":"one of the required fields was missing ","level":"error"}
{"message":"one of the required fields was missing ","level":"error"}
{"message":"the endpoint that was trying to be called didn't exist","level":"error"}
{"message":"throw error because note_name was missing","level":"error"}
{"message":"throw error because folder_id was missing","level":"error"}
{"message":"throw error because content was missing","level":"error"}
{"message":"the endpoint that was trying to be called didn't exist","level":"error"}
{"message":"the endpoint that was trying to be called didn't exist","level":"error"}
{"message":"one of the required fields was missing ","level":"error"}
{"message":"one of the required fields was missing ","level":"error"}
{"message":"the endpoint that was trying to be called didn't exist","level":"error"}
{"message":"throw error because note_name was missing","level":"error"}
{"message":"throw error because folder_id was missing","level":"error"}
{"message":"throw error because content was missing","level":"error"}
{"message":"the endpoint that was trying to be called didn't exist","level":"error"}
{"message":"the endpoint that was trying to be called didn't exist","level":"error"}
{"message":"one of the required fields was missing ","level":"error"}
{"message":"one of the required fields was missing ","level":"error"}
{"message":"the endpoint that was trying to be called didn't exist","level":"error"}
{"message":"throw error because note_name was missing","level":"error"}
{"message":"throw error because folder_id was missing","level":"error"}
{"message":"throw error because content was missing","level":"error"}
{"message":"the endpoint that was trying to be called didn't exist","level":"error"}
{"message":"the endpoint that was trying to be called didn't exist","level":"error"}
{"message":"one of the required fields was missing ","level":"error"}
{"message":"the endpoint that was trying to be called didn't exist","level":"error"}
{"message":"throw error because note_name was missing","level":"error"}
{"message":"throw error because folder_id was missing","level":"error"}
{"message":"throw error because content was missing","level":"error"}
{"message":"the endpoint that was trying to be called didn't exist","level":"error"}
{"message":"the endpoint that was trying to be called didn't exist","level":"error"}
{"message":"one of the required fields was missing ","level":"error"}
{"message":"the endpoint that was trying to be called didn't exist","level":"error"}
{"message":"throw error because note_name was missing","level":"error"}
{"message":"throw error because folder_id was missing","level":"error"}
{"message":"throw error because content was missing","level":"error"}
{"message":"the endpoint that was trying to be called didn't exist","level":"error"}
{"message":"the endpoint that was trying to be called didn't exist","level":"error"}
{"message":"one of the required fields was missing ","level":"error"}
{"message":"the endpoint that was trying to be called didn't exist","level":"error"}
{"message":"throw error because note_name was missing","level":"error"}
{"message":"throw error because folder_id was missing","level":"error"}
{"message":"throw error because content was missing","level":"error"}
{"message":"the endpoint that was trying to be called didn't exist","level":"error"}
{"message":"the endpoint that was trying to be called didn't exist","level":"error"}
{"message":"one of the required fields was missing ","level":"error"}
{"message":"the endpoint that was trying to be called didn't exist","level":"error"}
{"message":"throw error because note_name was missing","level":"error"}
{"message":"throw error because folder_id was missing","level":"error"}
{"message":"throw error because content was missing","level":"error"}
{"message":"the endpoint that was trying to be called didn't exist","level":"error"}
{"message":"the endpoint that was trying to be called didn't exist","level":"error"}
{"message":"one of the required fields was missing ","level":"error"}
{"message":"throw error because the body was missing title","level":"error"}
{"message":"throw error because the body was missing title","level":"error"}
{"message":"the endpoint that was trying to be called didn't exist","level":"error"}
{"message":"the endpoint that was trying to be called didn't exist","level":"error"}
{"message":"one of the required fields was missing ","level":"error"}
{"message":"throw error because the body was missing title","level":"error"}
{"message":"throw error because the body was missing title","level":"error"}
{"message":"one of the required fields was missing ","level":"error"}
{"message":"throw error because the body was missing folder_name","level":"error"}
{"message":"throw error because the body was missing folder_name","level":"error"}
{"message":"something went wrong since the endpoint didn't exist","level":"error"}
{"message":"throw error because the body was missing folder_name","level":"error"}
{"message":"something went wrong since the endpoint didn't exist","level":"error"}
{"message":"something went wrong since the endpoint didn't exist","level":"error"}
{"message":"error happend since the field wasn't filled out all the way and was missing something....","level":"error"}
{"message":"error happend since the field wasn't filled out all the way and was missing something....","level":"error"}
{"message":"error happend since the field wasn't filled out all the way and was missing something....","level":"error"}
{"message":"something went wrong since the endpoint didn't exist","level":"error"}
{"message":"throw error because the body was missing folder_name","level":"error"}
{"message":"something went wrong since the endpoint didn't exist","level":"error"}
{"message":"something went wrong since the endpoint didn't exist","level":"error"}
{"message":"error happend since the field wasn't filled out all the way and was missing something....","level":"error"}
{"message":"error happend since the field wasn't filled out all the way and was missing something....","level":"error"}
{"message":"error happend since the field wasn't filled out all the way and was missing something....","level":"error"}
{"message":"something went wrong since the endpoint didn't exist","level":"error"}
{"message":"throw error because the body was missing folder_name","level":"error"}
{"message":"something went wrong since the endpoint didn't exist","level":"error"}
{"message":"something went wrong since the endpoint didn't exist","level":"error"}
{"message":"error happend since the field wasn't filled out all the way and was missing something....","level":"error"}
{"message":"error happend since the field wasn't filled out all the way and was missing something....","level":"error"}
{"message":"error happend since the field wasn't filled out all the way and was missing something....","level":"error"}
{"message":"something went wrong since the endpoint didn't exist","level":"error"}
{"message":"throw error because the body was missing folder_name","level":"error"}
{"message":"something went wrong since the endpoint didn't exist","level":"error"}
{"message":"something went wrong since the endpoint didn't exist","level":"error"}
{"message":"error happend since the field wasn't filled out all the way and was missing something....","level":"error"}
{"message":"error happend since the field wasn't filled out all the way and was missing something....","level":"error"}
{"message":"error happend since the field wasn't filled out all the way and was missing something....","level":"error"}
{"message":"something went wrong since the endpoint didn't exist","level":"error"}
{"message":"throw error because the body was missing folder_name","level":"error"}
{"message":"something went wrong since the endpoint didn't exist","level":"error"}
{"message":"something went wrong since the endpoint didn't exist","level":"error"}
{"message":"error happend since the field wasn't filled out all the way and was missing something....","level":"error"}
{"message":"error happend since the field wasn't filled out all the way and was missing something....","level":"error"}
{"message":"error happend since the field wasn't filled out all the way and was missing something....","level":"error"}
{"message":"something went wrong since the endpoint didn't exist","level":"error"}
{"message":"throw error because the body was missing folder_name","level":"error"}
{"message":"something went wrong since the endpoint didn't exist","level":"error"}
{"message":"something went wrong since the endpoint didn't exist","level":"error"}
{"message":"error happend since the field wasn't filled out all the way and was missing something....","level":"error"}
{"message":"error happend since the field wasn't filled out all the way and was missing something....","level":"error"}
{"message":"error happend since the field wasn't filled out all the way and was missing something....","level":"error"}
{"message":"something went wrong since the endpoint didn't exist","level":"error"}
{"message":"throw error because the body was missing folder_name","level":"error"}
{"message":"something went wrong since the endpoint didn't exist","level":"error"}
{"message":"something went wrong since the endpoint didn't exist","level":"error"}
{"message":"error happend since the field wasn't filled out all the way and was missing something....","level":"error"}
{"message":"error happend since the field wasn't filled out all the way and was missing something....","level":"error"}
{"message":"error happend since the field wasn't filled out all the way and was missing something....","level":"error"}
{"message":"something went wrong since the endpoint didn't exist","level":"error"}
{"message":"throw error because the body was missing folder_name","level":"error"}
{"message":"something went wrong since the endpoint didn't exist","level":"error"}
{"message":"something went wrong since the endpoint didn't exist","level":"error"}
{"message":"error happend since the field wasn't filled out all the way and was missing something....","level":"error"}
{"message":"error happend since the field wasn't filled out all the way and was missing something....","level":"error"}
{"message":"error happend since the field wasn't filled out all the way and was missing something....","level":"error"}
{"message":"something went wrong since the endpoint didn't exist","level":"error"}
{"message":"throw error because the body was missing folder_name","level":"error"}
{"message":"something went wrong since the endpoint didn't exist","level":"error"}
{"message":"something went wrong since the endpoint didn't exist","level":"error"}
{"message":"error happend since the field wasn't filled out all the way and was missing something....","level":"error"}
{"message":"error happend since the field wasn't filled out all the way and was missing something....","level":"error"}
{"message":"error happend since the field wasn't filled out all the way and was missing something....","level":"error"}
{"message":"something went wrong since the endpoint didn't exist","level":"error"}
{"message":"throw error because the body was missing folder_name","level":"error"}
{"message":"something went wrong since the endpoint didn't exist","level":"error"}
{"message":"something went wrong since the endpoint didn't exist","level":"error"}
{"message":"error happend since the field wasn't filled out all the way and was missing something....","level":"error"}
{"message":"error happend since the field wasn't filled out all the way and was missing something....","level":"error"}
{"message":"error happend since the field wasn't filled out all the way and was missing something....","level":"error"}
{"message":"something went wrong since the endpoint didn't exist","level":"error"}
{"message":"throw error because the body was missing folder_name","level":"error"}
{"message":"something went wrong since the endpoint didn't exist","level":"error"}
{"message":"something went wrong since the endpoint didn't exist","level":"error"}
{"message":"error happend since the field wasn't filled out all the way and was missing something....","level":"error"}
{"message":"error happend since the field wasn't filled out all the way and was missing something....","level":"error"}
{"message":"error happend since the field wasn't filled out all the way and was missing something....","level":"error"}
{"message":"something went wrong since the endpoint didn't exist","level":"error"}
{"message":"throw error because the body was missing folder_name","level":"error"}
{"message":"something went wrong since the endpoint didn't exist","level":"error"}
{"message":"something went wrong since the endpoint didn't exist","level":"error"}
{"message":"something went wrong since the endpoint didn't exist","level":"error"}
{"message":"throw error because the body was missing folder_name","level":"error"}
{"message":"something went wrong since the endpoint didn't exist","level":"error"}
{"message":"something went wrong since the endpoint didn't exist","level":"error"}
{"message":"something went wrong since the endpoint didn't exist","level":"error"}
{"message":"throw error because the body was missing folder_name","level":"error"}
{"message":"something went wrong since the endpoint didn't exist","level":"error"}
{"message":"something went wrong since the endpoint didn't exist","level":"error"}
{"message":"something went wrong since the endpoint didn't exist","level":"error"}
{"message":"throw error because the body was missing folder_name","level":"error"}
{"message":"something went wrong since the endpoint didn't exist","level":"error"}
{"message":"throw error because the body was missing folder_name","level":"error"}
{"message":"missing API_TOKEN","level":"error"}
{"message":"missing API_TOKEN","level":"error"}
{"message":"missing API_TOKEN","level":"error"}
{"message":"missing API_TOKEN","level":"error"}
{"message":"missing API_TOKEN","level":"error"}
{"message":"missing API_TOKEN","level":"error"}
{"message":"missing API_TOKEN","level":"error"}
{"message":"missing API_TOKEN","level":"error"}
{"message":"missing API_TOKEN","level":"error"}
{"message":"missing API_TOKEN","level":"error"}
{"message":"missing API_TOKEN","level":"error"}
{"message":"missing API_TOKEN","level":"error"}
{"message":"missing API_TOKEN","level":"error"}
